<?xml version="1.0" encoding="UTF-8"?>
<!-- Generated by org.testng.reporters.JUnitReportReporter -->
<testsuite hostname="DESKTOP-2FNEKMR" failures="0" tests="1" name="script.reverse" time="0.010" errors="0" timestamp="2024-08-14T14:37:10 IST" skipped="0">
  <testcase classname="script.reverse" name="rev" time="0.010"/>
  <system-out/>
</testsuite> <!-- script.reverse -->
